0 info it worked if it ends with ok
1 verbose cli [ 'C:\\Users\\alexi\\AppData\\Local\\.meteor\\packages\\meteor-tool\\1.4.1_1\\mt-os.windows.x86_32\\dev_bundle\\bin\\node.exe',
1 verbose cli   'C:\\Users\\alexi\\AppData\\Local\\.meteor\\packages\\meteor-tool\\1.4.1_1\\mt-os.windows.x86_32\\dev_bundle\\lib\\node_modules\\npm\\bin\\npm-cli.js',
1 verbose cli   'install',
1 verbose cli   '--save',
1 verbose cli   'bcrypt' ]
2 info using npm@3.10.6
3 info using node@v4.5.0
4 silly loadCurrentTree Starting
5 silly install loadCurrentTree
6 silly install readLocalPackageData
7 silly fetchPackageMetaData bcrypt
8 silly fetchNamedPackageData bcrypt
9 silly mapToRegistry name bcrypt
10 silly mapToRegistry using default registry
11 silly mapToRegistry registry https://registry.npmjs.org/
12 silly mapToRegistry data Result {
12 silly mapToRegistry   raw: 'bcrypt',
12 silly mapToRegistry   scope: null,
12 silly mapToRegistry   escapedName: 'bcrypt',
12 silly mapToRegistry   name: 'bcrypt',
12 silly mapToRegistry   rawSpec: '',
12 silly mapToRegistry   spec: 'latest',
12 silly mapToRegistry   type: 'tag' }
13 silly mapToRegistry uri https://registry.npmjs.org/bcrypt
14 verbose request uri https://registry.npmjs.org/bcrypt
15 verbose request no auth needed
16 info attempt registry request try #1 at 11:12:11
17 verbose request id 756b54d415841b7e
18 http request GET https://registry.npmjs.org/bcrypt
19 http 200 https://registry.npmjs.org/bcrypt
20 verbose headers { server: 'CouchDB/1.5.0 (Erlang OTP/R16B03)',
20 verbose headers   etag: '"2W7CTWO1ETKY4R5XARYMM9SFN"',
20 verbose headers   'content-type': 'application/json',
20 verbose headers   'content-encoding': 'gzip',
20 verbose headers   'cache-control': 'max-age=300',
20 verbose headers   'content-length': '11903',
20 verbose headers   'accept-ranges': 'bytes',
20 verbose headers   date: 'Sat, 01 Oct 2016 10:12:13 GMT',
20 verbose headers   via: '1.1 varnish',
20 verbose headers   age: '21',
20 verbose headers   connection: 'keep-alive',
20 verbose headers   'x-served-by': 'cache-fra1238-FRA',
20 verbose headers   'x-cache': 'HIT',
20 verbose headers   'x-cache-hits': '1',
20 verbose headers   'x-timer': 'S1475316733.001122,VS0,VE0',
20 verbose headers   vary: 'Accept-Encoding' }
21 silly get cb [ 200,
21 silly get   { server: 'CouchDB/1.5.0 (Erlang OTP/R16B03)',
21 silly get     etag: '"2W7CTWO1ETKY4R5XARYMM9SFN"',
21 silly get     'content-type': 'application/json',
21 silly get     'content-encoding': 'gzip',
21 silly get     'cache-control': 'max-age=300',
21 silly get     'content-length': '11903',
21 silly get     'accept-ranges': 'bytes',
21 silly get     date: 'Sat, 01 Oct 2016 10:12:13 GMT',
21 silly get     via: '1.1 varnish',
21 silly get     age: '21',
21 silly get     connection: 'keep-alive',
21 silly get     'x-served-by': 'cache-fra1238-FRA',
21 silly get     'x-cache': 'HIT',
21 silly get     'x-cache-hits': '1',
21 silly get     'x-timer': 'S1475316733.001122,VS0,VE0',
21 silly get     vary: 'Accept-Encoding' } ]
22 verbose get saving bcrypt to C:\Users\alexi\AppData\Roaming\npm-cache\registry.npmjs.org\bcrypt\.cache.json
23 verbose correctMkdir C:\Users\alexi\AppData\Roaming\npm-cache correctMkdir not in flight; initializing
24 silly install normalizeTree
25 silly loadCurrentTree Finishing
26 silly loadIdealTree Starting
27 silly install loadIdealTree
28 silly cloneCurrentTree Starting
29 silly install cloneCurrentTreeToIdealTree
30 silly cloneCurrentTree Finishing
31 silly loadShrinkwrap Starting
32 silly install loadShrinkwrap
33 silly loadShrinkwrap Finishing
34 silly loadAllDepsIntoIdealTree Starting
35 silly install loadAllDepsIntoIdealTree
36 silly resolveWithNewModule bcrypt@0.8.7 checking installable status
37 silly cache add args [ 'bcrypt', null ]
38 verbose cache add spec bcrypt
39 silly cache add parsed spec Result {
39 silly cache add   raw: 'bcrypt',
39 silly cache add   scope: null,
39 silly cache add   escapedName: 'bcrypt',
39 silly cache add   name: 'bcrypt',
39 silly cache add   rawSpec: '',
39 silly cache add   spec: 'latest',
39 silly cache add   type: 'tag' }
40 silly addNamed bcrypt@latest
41 verbose addNamed "latest" is being treated as a dist-tag for bcrypt
42 info addNameTag [ 'bcrypt', 'latest' ]
43 silly mapToRegistry name bcrypt
44 silly mapToRegistry using default registry
45 silly mapToRegistry registry https://registry.npmjs.org/
46 silly mapToRegistry data Result {
46 silly mapToRegistry   raw: 'bcrypt',
46 silly mapToRegistry   scope: null,
46 silly mapToRegistry   escapedName: 'bcrypt',
46 silly mapToRegistry   name: 'bcrypt',
46 silly mapToRegistry   rawSpec: '',
46 silly mapToRegistry   spec: 'latest',
46 silly mapToRegistry   type: 'tag' }
47 silly mapToRegistry uri https://registry.npmjs.org/bcrypt
48 verbose addNameTag registry:https://registry.npmjs.org/bcrypt not in flight; fetching
49 verbose get https://registry.npmjs.org/bcrypt not expired, no request
50 silly addNameTag next cb for bcrypt with tag latest
51 silly addNamed bcrypt@0.8.7
52 verbose addNamed "0.8.7" is a plain semver version for bcrypt
53 silly mapToRegistry name bcrypt
54 silly mapToRegistry using default registry
55 silly mapToRegistry registry https://registry.npmjs.org/
56 silly mapToRegistry data Result {
56 silly mapToRegistry   raw: 'bcrypt',
56 silly mapToRegistry   scope: null,
56 silly mapToRegistry   escapedName: 'bcrypt',
56 silly mapToRegistry   name: 'bcrypt',
56 silly mapToRegistry   rawSpec: '',
56 silly mapToRegistry   spec: 'latest',
56 silly mapToRegistry   type: 'tag' }
57 silly mapToRegistry uri https://registry.npmjs.org/bcrypt
58 verbose addRemoteTarball https://registry.npmjs.org/bcrypt/-/bcrypt-0.8.7.tgz not in flight; adding
59 verbose addRemoteTarball [ 'https://registry.npmjs.org/bcrypt/-/bcrypt-0.8.7.tgz',
59 verbose addRemoteTarball   'bc3875a9afd0a7b2cd231a6a7f218a5ce156b093' ]
60 info retry fetch attempt 1 at 11:12:11
61 info attempt registry request try #1 at 11:12:11
62 http fetch GET https://registry.npmjs.org/bcrypt/-/bcrypt-0.8.7.tgz
63 http fetch 200 https://registry.npmjs.org/bcrypt/-/bcrypt-0.8.7.tgz
64 silly fetchAndShaCheck shasum bc3875a9afd0a7b2cd231a6a7f218a5ce156b093
65 verbose addTmpTarball C:\Users\alexi\AppData\Local\Temp\npm-6236-3e4ea83d\registry.npmjs.org\bcrypt\-\bcrypt-0.8.7.tgz not in flight; adding
66 verbose addTmpTarball already have metadata; skipping unpack for bcrypt@0.8.7
67 verbose correctMkdir C:\Users\alexi\AppData\Roaming\npm-cache correctMkdir not in flight; initializing
68 silly cache afterAdd bcrypt@0.8.7
69 verbose afterAdd C:\Users\alexi\AppData\Roaming\npm-cache\bcrypt\0.8.7\package\package.json not in flight; writing
70 verbose correctMkdir C:\Users\alexi\AppData\Roaming\npm-cache correctMkdir not in flight; initializing
71 verbose afterAdd C:\Users\alexi\AppData\Roaming\npm-cache\bcrypt\0.8.7\package\package.json written
72 silly fetchNamedPackageData bindings
73 silly mapToRegistry name bindings
74 silly mapToRegistry using default registry
75 silly mapToRegistry registry https://registry.npmjs.org/
76 silly mapToRegistry data Result {
76 silly mapToRegistry   raw: 'bindings',
76 silly mapToRegistry   scope: null,
76 silly mapToRegistry   escapedName: 'bindings',
76 silly mapToRegistry   name: 'bindings',
76 silly mapToRegistry   rawSpec: '',
76 silly mapToRegistry   spec: 'latest',
76 silly mapToRegistry   type: 'tag' }
77 silly mapToRegistry uri https://registry.npmjs.org/bindings
78 silly fetchNamedPackageData nan
79 silly mapToRegistry name nan
80 silly mapToRegistry using default registry
81 silly mapToRegistry registry https://registry.npmjs.org/
82 silly mapToRegistry data Result {
82 silly mapToRegistry   raw: 'nan',
82 silly mapToRegistry   scope: null,
82 silly mapToRegistry   escapedName: 'nan',
82 silly mapToRegistry   name: 'nan',
82 silly mapToRegistry   rawSpec: '',
82 silly mapToRegistry   spec: 'latest',
82 silly mapToRegistry   type: 'tag' }
83 silly mapToRegistry uri https://registry.npmjs.org/nan
84 verbose request uri https://registry.npmjs.org/bindings
85 verbose request no auth needed
86 info attempt registry request try #1 at 11:12:11
87 http request GET https://registry.npmjs.org/bindings
88 verbose request uri https://registry.npmjs.org/nan
89 verbose request no auth needed
90 info attempt registry request try #1 at 11:12:11
91 http request GET https://registry.npmjs.org/nan
92 http 200 https://registry.npmjs.org/bindings
93 verbose headers { server: 'CouchDB/1.5.0 (Erlang OTP/R16B03)',
93 verbose headers   etag: '"C1AW6UVQGY4VZQGFC1WTIGMDV"',
93 verbose headers   'content-type': 'application/json',
93 verbose headers   'content-encoding': 'gzip',
93 verbose headers   'cache-control': 'max-age=300',
93 verbose headers   'content-length': '3811',
93 verbose headers   'accept-ranges': 'bytes',
93 verbose headers   date: 'Sat, 01 Oct 2016 10:12:13 GMT',
93 verbose headers   via: '1.1 varnish',
93 verbose headers   age: '76',
93 verbose headers   connection: 'keep-alive',
93 verbose headers   'x-served-by': 'cache-fra1238-FRA',
93 verbose headers   'x-cache': 'HIT',
93 verbose headers   'x-cache-hits': '2',
93 verbose headers   'x-timer': 'S1475316733.215532,VS0,VE0',
93 verbose headers   vary: 'Accept-Encoding' }
94 silly get cb [ 200,
94 silly get   { server: 'CouchDB/1.5.0 (Erlang OTP/R16B03)',
94 silly get     etag: '"C1AW6UVQGY4VZQGFC1WTIGMDV"',
94 silly get     'content-type': 'application/json',
94 silly get     'content-encoding': 'gzip',
94 silly get     'cache-control': 'max-age=300',
94 silly get     'content-length': '3811',
94 silly get     'accept-ranges': 'bytes',
94 silly get     date: 'Sat, 01 Oct 2016 10:12:13 GMT',
94 silly get     via: '1.1 varnish',
94 silly get     age: '76',
94 silly get     connection: 'keep-alive',
94 silly get     'x-served-by': 'cache-fra1238-FRA',
94 silly get     'x-cache': 'HIT',
94 silly get     'x-cache-hits': '2',
94 silly get     'x-timer': 'S1475316733.215532,VS0,VE0',
94 silly get     vary: 'Accept-Encoding' } ]
95 verbose get saving bindings to C:\Users\alexi\AppData\Roaming\npm-cache\registry.npmjs.org\bindings\.cache.json
96 verbose correctMkdir C:\Users\alexi\AppData\Roaming\npm-cache correctMkdir not in flight; initializing
97 silly resolveWithNewModule bindings@1.2.1 checking installable status
98 silly cache add args [ 'bindings@1.2.1', null ]
99 verbose cache add spec bindings@1.2.1
100 silly cache add parsed spec Result {
100 silly cache add   raw: 'bindings@1.2.1',
100 silly cache add   scope: null,
100 silly cache add   escapedName: 'bindings',
100 silly cache add   name: 'bindings',
100 silly cache add   rawSpec: '1.2.1',
100 silly cache add   spec: '1.2.1',
100 silly cache add   type: 'version' }
101 silly addNamed bindings@1.2.1
102 verbose addNamed "1.2.1" is a plain semver version for bindings
103 silly mapToRegistry name bindings
104 silly mapToRegistry using default registry
105 silly mapToRegistry registry https://registry.npmjs.org/
106 silly mapToRegistry data Result {
106 silly mapToRegistry   raw: 'bindings',
106 silly mapToRegistry   scope: null,
106 silly mapToRegistry   escapedName: 'bindings',
106 silly mapToRegistry   name: 'bindings',
106 silly mapToRegistry   rawSpec: '',
106 silly mapToRegistry   spec: 'latest',
106 silly mapToRegistry   type: 'tag' }
107 silly mapToRegistry uri https://registry.npmjs.org/bindings
108 verbose addNameVersion registry:https://registry.npmjs.org/bindings not in flight; fetching
109 verbose get https://registry.npmjs.org/bindings not expired, no request
110 silly mapToRegistry name bindings
111 silly mapToRegistry using default registry
112 silly mapToRegistry registry https://registry.npmjs.org/
113 silly mapToRegistry data Result {
113 silly mapToRegistry   raw: 'bindings',
113 silly mapToRegistry   scope: null,
113 silly mapToRegistry   escapedName: 'bindings',
113 silly mapToRegistry   name: 'bindings',
113 silly mapToRegistry   rawSpec: '',
113 silly mapToRegistry   spec: 'latest',
113 silly mapToRegistry   type: 'tag' }
114 silly mapToRegistry uri https://registry.npmjs.org/bindings
115 verbose addRemoteTarball https://registry.npmjs.org/bindings/-/bindings-1.2.1.tgz not in flight; adding
116 verbose addRemoteTarball [ 'https://registry.npmjs.org/bindings/-/bindings-1.2.1.tgz',
116 verbose addRemoteTarball   '14ad6113812d2d37d72e67b4cacb4bb726505f11' ]
117 info retry fetch attempt 1 at 11:12:11
118 info attempt registry request try #1 at 11:12:11
119 http fetch GET https://registry.npmjs.org/bindings/-/bindings-1.2.1.tgz
120 http fetch 200 https://registry.npmjs.org/bindings/-/bindings-1.2.1.tgz
121 silly fetchAndShaCheck shasum 14ad6113812d2d37d72e67b4cacb4bb726505f11
122 verbose addTmpTarball C:\Users\alexi\AppData\Local\Temp\npm-6236-3e4ea83d\registry.npmjs.org\bindings\-\bindings-1.2.1.tgz not in flight; adding
123 verbose addTmpTarball already have metadata; skipping unpack for bindings@1.2.1
124 verbose correctMkdir C:\Users\alexi\AppData\Roaming\npm-cache correctMkdir not in flight; initializing
125 silly cache afterAdd bindings@1.2.1
126 verbose afterAdd C:\Users\alexi\AppData\Roaming\npm-cache\bindings\1.2.1\package\package.json not in flight; writing
127 verbose correctMkdir C:\Users\alexi\AppData\Roaming\npm-cache correctMkdir not in flight; initializing
128 verbose afterAdd C:\Users\alexi\AppData\Roaming\npm-cache\bindings\1.2.1\package\package.json written
129 http 200 https://registry.npmjs.org/nan
130 verbose headers { server: 'CouchDB/1.6.1 (Erlang OTP/R16B03)',
130 verbose headers   etag: '"1YJEPM5V4XH0MZT0HV3B8R9BB"',
130 verbose headers   'content-type': 'application/json',
130 verbose headers   'content-encoding': 'gzip',
130 verbose headers   'cache-control': 'max-age=300',
130 verbose headers   'content-length': '17162',
130 verbose headers   'accept-ranges': 'bytes',
130 verbose headers   date: 'Sat, 01 Oct 2016 10:12:13 GMT',
130 verbose headers   via: '1.1 varnish',
130 verbose headers   age: '115',
130 verbose headers   connection: 'keep-alive',
130 verbose headers   'x-served-by': 'cache-fra1224-FRA',
130 verbose headers   'x-cache': 'HIT',
130 verbose headers   'x-cache-hits': '1',
130 verbose headers   'x-timer': 'S1475316733.317147,VS0,VE0',
130 verbose headers   vary: 'Accept-Encoding' }
131 silly get cb [ 200,
131 silly get   { server: 'CouchDB/1.6.1 (Erlang OTP/R16B03)',
131 silly get     etag: '"1YJEPM5V4XH0MZT0HV3B8R9BB"',
131 silly get     'content-type': 'application/json',
131 silly get     'content-encoding': 'gzip',
131 silly get     'cache-control': 'max-age=300',
131 silly get     'content-length': '17162',
131 silly get     'accept-ranges': 'bytes',
131 silly get     date: 'Sat, 01 Oct 2016 10:12:13 GMT',
131 silly get     via: '1.1 varnish',
131 silly get     age: '115',
131 silly get     connection: 'keep-alive',
131 silly get     'x-served-by': 'cache-fra1224-FRA',
131 silly get     'x-cache': 'HIT',
131 silly get     'x-cache-hits': '1',
131 silly get     'x-timer': 'S1475316733.317147,VS0,VE0',
131 silly get     vary: 'Accept-Encoding' } ]
132 verbose get saving nan to C:\Users\alexi\AppData\Roaming\npm-cache\registry.npmjs.org\nan\.cache.json
133 verbose correctMkdir C:\Users\alexi\AppData\Roaming\npm-cache correctMkdir not in flight; initializing
134 silly resolveWithNewModule nan@2.3.5 checking installable status
135 silly cache add args [ 'nan@2.3.5', null ]
136 verbose cache add spec nan@2.3.5
137 silly cache add parsed spec Result {
137 silly cache add   raw: 'nan@2.3.5',
137 silly cache add   scope: null,
137 silly cache add   escapedName: 'nan',
137 silly cache add   name: 'nan',
137 silly cache add   rawSpec: '2.3.5',
137 silly cache add   spec: '2.3.5',
137 silly cache add   type: 'version' }
138 silly addNamed nan@2.3.5
139 verbose addNamed "2.3.5" is a plain semver version for nan
140 silly mapToRegistry name nan
141 silly mapToRegistry using default registry
142 silly mapToRegistry registry https://registry.npmjs.org/
143 silly mapToRegistry data Result {
143 silly mapToRegistry   raw: 'nan',
143 silly mapToRegistry   scope: null,
143 silly mapToRegistry   escapedName: 'nan',
143 silly mapToRegistry   name: 'nan',
143 silly mapToRegistry   rawSpec: '',
143 silly mapToRegistry   spec: 'latest',
143 silly mapToRegistry   type: 'tag' }
144 silly mapToRegistry uri https://registry.npmjs.org/nan
145 verbose addNameVersion registry:https://registry.npmjs.org/nan not in flight; fetching
146 verbose get https://registry.npmjs.org/nan not expired, no request
147 silly mapToRegistry name nan
148 silly mapToRegistry using default registry
149 silly mapToRegistry registry https://registry.npmjs.org/
150 silly mapToRegistry data Result {
150 silly mapToRegistry   raw: 'nan',
150 silly mapToRegistry   scope: null,
150 silly mapToRegistry   escapedName: 'nan',
150 silly mapToRegistry   name: 'nan',
150 silly mapToRegistry   rawSpec: '',
150 silly mapToRegistry   spec: 'latest',
150 silly mapToRegistry   type: 'tag' }
151 silly mapToRegistry uri https://registry.npmjs.org/nan
152 verbose addRemoteTarball https://registry.npmjs.org/nan/-/nan-2.3.5.tgz not in flight; adding
153 verbose addRemoteTarball [ 'https://registry.npmjs.org/nan/-/nan-2.3.5.tgz',
153 verbose addRemoteTarball   '822a0dc266290ce4cd3a12282ca3e7e364668a08' ]
154 info retry fetch attempt 1 at 11:12:11
155 info attempt registry request try #1 at 11:12:11
156 http fetch GET https://registry.npmjs.org/nan/-/nan-2.3.5.tgz
157 http fetch 200 https://registry.npmjs.org/nan/-/nan-2.3.5.tgz
158 silly fetchAndShaCheck shasum 822a0dc266290ce4cd3a12282ca3e7e364668a08
159 verbose addTmpTarball C:\Users\alexi\AppData\Local\Temp\npm-6236-3e4ea83d\registry.npmjs.org\nan\-\nan-2.3.5.tgz not in flight; adding
160 verbose addTmpTarball already have metadata; skipping unpack for nan@2.3.5
161 verbose correctMkdir C:\Users\alexi\AppData\Roaming\npm-cache correctMkdir not in flight; initializing
162 silly cache afterAdd nan@2.3.5
163 verbose afterAdd C:\Users\alexi\AppData\Roaming\npm-cache\nan\2.3.5\package\package.json not in flight; writing
164 verbose correctMkdir C:\Users\alexi\AppData\Roaming\npm-cache correctMkdir not in flight; initializing
165 verbose afterAdd C:\Users\alexi\AppData\Roaming\npm-cache\nan\2.3.5\package\package.json written
166 silly loadAllDepsIntoIdealTree Finishing
167 silly loadIdealTree Finishing
168 silly currentTree recipe-app@
169 silly idealTree recipe-app@
169 silly idealTree +-- bcrypt@0.8.7
169 silly idealTree +-- bindings@1.2.1
169 silly idealTree `-- nan@2.3.5
170 silly generateActionsToTake Starting
171 silly install generateActionsToTake
172 silly generateActionsToTake Finishing
173 silly diffTrees action count 3
174 silly diffTrees add bindings@1.2.1
175 silly diffTrees add nan@2.3.5
176 silly diffTrees add bcrypt@0.8.7
177 silly decomposeActions action count 24
178 silly decomposeActions fetch bindings@1.2.1
179 silly decomposeActions extract bindings@1.2.1
180 silly decomposeActions test bindings@1.2.1
181 silly decomposeActions preinstall bindings@1.2.1
182 silly decomposeActions build bindings@1.2.1
183 silly decomposeActions install bindings@1.2.1
184 silly decomposeActions postinstall bindings@1.2.1
185 silly decomposeActions finalize bindings@1.2.1
186 silly decomposeActions fetch nan@2.3.5
187 silly decomposeActions extract nan@2.3.5
188 silly decomposeActions test nan@2.3.5
189 silly decomposeActions preinstall nan@2.3.5
190 silly decomposeActions build nan@2.3.5
191 silly decomposeActions install nan@2.3.5
192 silly decomposeActions postinstall nan@2.3.5
193 silly decomposeActions finalize nan@2.3.5
194 silly decomposeActions fetch bcrypt@0.8.7
195 silly decomposeActions extract bcrypt@0.8.7
196 silly decomposeActions test bcrypt@0.8.7
197 silly decomposeActions preinstall bcrypt@0.8.7
198 silly decomposeActions build bcrypt@0.8.7
199 silly decomposeActions install bcrypt@0.8.7
200 silly decomposeActions postinstall bcrypt@0.8.7
201 silly decomposeActions finalize bcrypt@0.8.7
202 silly executeActions Starting
203 silly install executeActions
204 silly doSerial global-install 0
205 silly doParallel fetch 3
206 verbose correctMkdir C:\Users\alexi\AppData\Roaming\npm-cache\_locks correctMkdir not in flight; initializing
207 verbose lock using C:\Users\alexi\AppData\Roaming\npm-cache\_locks\staging-f0dc3b8ed366d028.lock for E:\Documents\Development\Projects\recipe-app\node_modules\.staging
208 silly doParallel extract 3
209 silly extract bindings@1.2.1
210 silly extract nan@2.3.5
211 silly extract bcrypt@0.8.7
212 verbose unbuild node_modules\.staging\bindings-77edf46a
213 verbose unbuild node_modules\.staging\bcrypt-914e1ee8
214 verbose unbuild node_modules\.staging\nan-df2e62dd
215 silly gentlyRm E:\Documents\Development\Projects\recipe-app\node_modules\.staging\bindings-77edf46a is being purged from base E:\Documents\Development\Projects\recipe-app
216 verbose gentlyRm don't care about contents; nuking E:\Documents\Development\Projects\recipe-app\node_modules\.staging\bindings-77edf46a
217 silly gentlyRm E:\Documents\Development\Projects\recipe-app\node_modules\.staging\bcrypt-914e1ee8 is being purged from base E:\Documents\Development\Projects\recipe-app
218 verbose gentlyRm don't care about contents; nuking E:\Documents\Development\Projects\recipe-app\node_modules\.staging\bcrypt-914e1ee8
219 verbose tar unpack C:\Users\alexi\AppData\Roaming\npm-cache\bindings\1.2.1\package.tgz
220 verbose tar unpacking to E:\Documents\Development\Projects\recipe-app\node_modules\.staging\bindings-77edf46a
221 silly gentlyRm E:\Documents\Development\Projects\recipe-app\node_modules\.staging\bindings-77edf46a is being purged
222 verbose gentlyRm don't care about contents; nuking E:\Documents\Development\Projects\recipe-app\node_modules\.staging\bindings-77edf46a
223 silly gentlyRm E:\Documents\Development\Projects\recipe-app\node_modules\.staging\nan-df2e62dd is being purged from base E:\Documents\Development\Projects\recipe-app
224 verbose gentlyRm don't care about contents; nuking E:\Documents\Development\Projects\recipe-app\node_modules\.staging\nan-df2e62dd
225 verbose tar unpack C:\Users\alexi\AppData\Roaming\npm-cache\bcrypt\0.8.7\package.tgz
226 verbose tar unpacking to E:\Documents\Development\Projects\recipe-app\node_modules\.staging\bcrypt-914e1ee8
227 silly gentlyRm E:\Documents\Development\Projects\recipe-app\node_modules\.staging\bcrypt-914e1ee8 is being purged
228 verbose gentlyRm don't care about contents; nuking E:\Documents\Development\Projects\recipe-app\node_modules\.staging\bcrypt-914e1ee8
229 silly gunzTarPerm modes [ '777', '666' ]
230 verbose tar unpack C:\Users\alexi\AppData\Roaming\npm-cache\nan\2.3.5\package.tgz
231 verbose tar unpacking to E:\Documents\Development\Projects\recipe-app\node_modules\.staging\nan-df2e62dd
232 silly gentlyRm E:\Documents\Development\Projects\recipe-app\node_modules\.staging\nan-df2e62dd is being purged
233 verbose gentlyRm don't care about contents; nuking E:\Documents\Development\Projects\recipe-app\node_modules\.staging\nan-df2e62dd
234 silly gunzTarPerm modes [ '777', '666' ]
235 silly gunzTarPerm modes [ '777', '666' ]
236 silly gunzTarPerm extractEntry package.json
237 silly gunzTarPerm modified mode [ 'package.json', 420, 438 ]
238 silly gunzTarPerm extractEntry package.json
239 silly gunzTarPerm modified mode [ 'package.json', 420, 438 ]
240 silly gunzTarPerm extractEntry package.json
241 silly gunzTarPerm modified mode [ 'package.json', 436, 438 ]
242 silly gunzTarPerm extractEntry README.md
243 silly gunzTarPerm modified mode [ 'README.md', 420, 438 ]
244 silly gunzTarPerm extractEntry bindings.js
245 silly gunzTarPerm modified mode [ 'bindings.js', 420, 438 ]
246 silly gunzTarPerm extractEntry .npmignore
247 silly gunzTarPerm modified mode [ '.npmignore', 420, 438 ]
248 silly gunzTarPerm extractEntry README.md
249 silly gunzTarPerm modified mode [ 'README.md', 420, 438 ]
250 silly gunzTarPerm extractEntry README.md
251 silly gunzTarPerm modified mode [ 'README.md', 436, 438 ]
252 silly gunzTarPerm extractEntry include_dirs.js
253 silly gunzTarPerm modified mode [ 'include_dirs.js', 436, 438 ]
254 silly gunzTarPerm extractEntry LICENSE
255 silly gunzTarPerm modified mode [ 'LICENSE', 420, 438 ]
256 silly gunzTarPerm extractEntry bcrypt.js
257 silly gunzTarPerm modified mode [ 'bcrypt.js', 420, 438 ]
258 silly gunzTarPerm extractEntry Makefile
259 silly gunzTarPerm modified mode [ 'Makefile', 420, 438 ]
260 silly gunzTarPerm extractEntry .travis.yml
261 silly gunzTarPerm modified mode [ '.travis.yml', 420, 438 ]
262 silly gunzTarPerm extractEntry CHANGELOG.md
263 silly gunzTarPerm modified mode [ 'CHANGELOG.md', 420, 438 ]
264 silly gunzTarPerm extractEntry binding.gyp
265 silly gunzTarPerm modified mode [ 'binding.gyp', 420, 438 ]
266 silly gunzTarPerm extractEntry examples/async_compare.js
267 silly gunzTarPerm modified mode [ 'examples/async_compare.js', 420, 438 ]
268 silly gunzTarPerm extractEntry examples/forever_gen_salt.js
269 silly gunzTarPerm modified mode [ 'examples/forever_gen_salt.js', 420, 438 ]
270 silly gunzTarPerm extractEntry test/async.js
271 silly gunzTarPerm modified mode [ 'test/async.js', 420, 438 ]
272 silly gunzTarPerm extractEntry test/repetitions.js
273 silly gunzTarPerm modified mode [ 'test/repetitions.js', 420, 438 ]
274 silly gunzTarPerm extractEntry test/sync.js
275 silly gunzTarPerm modified mode [ 'test/sync.js', 420, 438 ]
276 silly gunzTarPerm extractEntry ISSUE_TEMPLATE.md
277 silly gunzTarPerm modified mode [ 'ISSUE_TEMPLATE.md', 420, 438 ]
278 silly gunzTarPerm extractEntry src/bcrypt.cc
279 silly gunzTarPerm modified mode [ 'src/bcrypt.cc', 420, 438 ]
280 silly gunzTarPerm extractEntry src/bcrypt_node.cc
281 silly gunzTarPerm modified mode [ 'src/bcrypt_node.cc', 420, 438 ]
282 silly gunzTarPerm extractEntry src/blowfish.cc
283 silly gunzTarPerm modified mode [ 'src/blowfish.cc', 420, 438 ]
284 silly gunzTarPerm extractEntry src/node_blf.h
285 silly gunzTarPerm modified mode [ 'src/node_blf.h', 420, 438 ]
286 silly gunzTarPerm extractEntry werker.yml
287 silly gunzTarPerm modified mode [ 'werker.yml', 420, 438 ]
288 silly gunzTarPerm extractEntry nan_converters.h
289 silly gunzTarPerm modified mode [ 'nan_converters.h', 436, 438 ]
290 silly gunzTarPerm extractEntry LICENSE.md
291 silly gunzTarPerm modified mode [ 'LICENSE.md', 436, 438 ]
292 silly gunzTarPerm extractEntry doc/node_misc.md
293 silly gunzTarPerm modified mode [ 'doc/node_misc.md', 436, 438 ]
294 silly gunzTarPerm extractEntry doc/asyncworker.md
295 silly gunzTarPerm modified mode [ 'doc/asyncworker.md', 436, 438 ]
296 silly gunzTarPerm extractEntry doc/callback.md
297 silly gunzTarPerm modified mode [ 'doc/callback.md', 436, 438 ]
298 silly gunzTarPerm extractEntry doc/converters.md
299 silly gunzTarPerm modified mode [ 'doc/converters.md', 436, 438 ]
300 silly gunzTarPerm extractEntry doc/errors.md
301 silly gunzTarPerm modified mode [ 'doc/errors.md', 436, 438 ]
302 silly gunzTarPerm extractEntry doc/maybe_types.md
303 silly gunzTarPerm modified mode [ 'doc/maybe_types.md', 436, 438 ]
304 silly gunzTarPerm extractEntry doc/methods.md
305 silly gunzTarPerm modified mode [ 'doc/methods.md', 436, 438 ]
306 silly gunzTarPerm extractEntry doc/new.md
307 silly gunzTarPerm modified mode [ 'doc/new.md', 436, 438 ]
308 silly gentlyRm E:\Documents\Development\Projects\recipe-app\node_modules\.staging\bindings-77edf46a\node_modules is being purged
309 verbose gentlyRm don't care about contents; nuking E:\Documents\Development\Projects\recipe-app\node_modules\.staging\bindings-77edf46a\node_modules
310 silly gunzTarPerm extractEntry doc/buffers.md
311 silly gunzTarPerm modified mode [ 'doc/buffers.md', 436, 438 ]
312 silly gunzTarPerm extractEntry doc/object_wrappers.md
313 silly gunzTarPerm modified mode [ 'doc/object_wrappers.md', 436, 438 ]
314 silly gunzTarPerm extractEntry doc/persistent.md
315 silly gunzTarPerm modified mode [ 'doc/persistent.md', 436, 438 ]
316 silly gunzTarPerm extractEntry doc/scopes.md
317 silly gunzTarPerm modified mode [ 'doc/scopes.md', 436, 438 ]
318 silly gunzTarPerm extractEntry doc/script.md
319 silly gunzTarPerm modified mode [ 'doc/script.md', 436, 438 ]
320 silly gunzTarPerm extractEntry doc/string_bytes.md
321 silly gunzTarPerm modified mode [ 'doc/string_bytes.md', 436, 438 ]
322 silly gunzTarPerm extractEntry doc/v8_internals.md
323 silly gunzTarPerm modified mode [ 'doc/v8_internals.md', 436, 438 ]
324 silly gunzTarPerm extractEntry doc/v8_misc.md
325 silly gunzTarPerm modified mode [ 'doc/v8_misc.md', 436, 438 ]
326 silly gunzTarPerm extractEntry nan.h
327 silly gunzTarPerm modified mode [ 'nan.h', 436, 438 ]
328 silly gunzTarPerm extractEntry nan_callbacks.h
329 silly gunzTarPerm modified mode [ 'nan_callbacks.h', 436, 438 ]
330 silly gunzTarPerm extractEntry nan_callbacks_12_inl.h
331 silly gunzTarPerm modified mode [ 'nan_callbacks_12_inl.h', 436, 438 ]
332 silly gunzTarPerm extractEntry nan_callbacks_pre_12_inl.h
333 silly gunzTarPerm modified mode [ 'nan_callbacks_pre_12_inl.h', 436, 438 ]
334 silly gunzTarPerm extractEntry nan_converters_43_inl.h
335 silly gunzTarPerm modified mode [ 'nan_converters_43_inl.h', 436, 438 ]
336 silly gunzTarPerm extractEntry nan_converters_pre_43_inl.h
337 silly gunzTarPerm modified mode [ 'nan_converters_pre_43_inl.h', 436, 438 ]
338 silly gunzTarPerm extractEntry nan_implementation_12_inl.h
339 silly gunzTarPerm modified mode [ 'nan_implementation_12_inl.h', 436, 438 ]
340 silly gunzTarPerm extractEntry nan_implementation_pre_12_inl.h
341 silly gunzTarPerm modified mode [ 'nan_implementation_pre_12_inl.h', 436, 438 ]
342 silly gunzTarPerm extractEntry nan_maybe_43_inl.h
343 silly gunzTarPerm modified mode [ 'nan_maybe_43_inl.h', 436, 438 ]
344 silly gunzTarPerm extractEntry nan_maybe_pre_43_inl.h
345 silly gunzTarPerm modified mode [ 'nan_maybe_pre_43_inl.h', 436, 438 ]
346 silly gunzTarPerm extractEntry nan_new.h
347 silly gunzTarPerm modified mode [ 'nan_new.h', 436, 438 ]
348 silly gunzTarPerm extractEntry nan_object_wrap.h
349 silly gunzTarPerm modified mode [ 'nan_object_wrap.h', 436, 438 ]
350 silly gunzTarPerm extractEntry nan_persistent_12_inl.h
351 silly gunzTarPerm modified mode [ 'nan_persistent_12_inl.h', 436, 438 ]
352 silly gunzTarPerm extractEntry nan_persistent_pre_12_inl.h
353 silly gunzTarPerm modified mode [ 'nan_persistent_pre_12_inl.h', 436, 438 ]
354 silly gunzTarPerm extractEntry nan_string_bytes.h
355 silly gunzTarPerm modified mode [ 'nan_string_bytes.h', 436, 438 ]
356 silly gunzTarPerm extractEntry nan_typedarray_contents.h
357 silly gunzTarPerm modified mode [ 'nan_typedarray_contents.h', 436, 438 ]
358 silly gunzTarPerm extractEntry nan_weak.h
359 silly gunzTarPerm modified mode [ 'nan_weak.h', 436, 438 ]
360 silly gunzTarPerm extractEntry CHANGELOG.md
361 silly gunzTarPerm modified mode [ 'CHANGELOG.md', 436, 438 ]
362 silly gunzTarPerm extractEntry tools/package.json
363 silly gunzTarPerm modified mode [ 'tools/package.json', 436, 438 ]
364 silly gunzTarPerm extractEntry tools/README.md
365 silly gunzTarPerm modified mode [ 'tools/README.md', 436, 438 ]
366 silly gunzTarPerm extractEntry tools/1to2.js
367 silly gunzTarPerm modified mode [ 'tools/1to2.js', 509, 511 ]
368 silly gentlyRm E:\Documents\Development\Projects\recipe-app\node_modules\.staging\bcrypt-914e1ee8\node_modules is being purged
369 verbose gentlyRm don't care about contents; nuking E:\Documents\Development\Projects\recipe-app\node_modules\.staging\bcrypt-914e1ee8\node_modules
370 silly gentlyRm E:\Documents\Development\Projects\recipe-app\node_modules\.staging\nan-df2e62dd\node_modules is being purged
371 verbose gentlyRm don't care about contents; nuking E:\Documents\Development\Projects\recipe-app\node_modules\.staging\nan-df2e62dd\node_modules
372 silly doParallel preinstall 3
373 silly preinstall bindings@1.2.1 E:\Documents\Development\Projects\recipe-app\node_modules\.staging\bindings-77edf46a
374 info lifecycle bindings@1.2.1~preinstall: bindings@1.2.1
375 silly preinstall nan@2.3.5 E:\Documents\Development\Projects\recipe-app\node_modules\.staging\nan-df2e62dd
376 info lifecycle nan@2.3.5~preinstall: nan@2.3.5
377 silly preinstall bcrypt@0.8.7 E:\Documents\Development\Projects\recipe-app\node_modules\.staging\bcrypt-914e1ee8
378 info lifecycle bcrypt@0.8.7~preinstall: bcrypt@0.8.7
379 silly lifecycle bindings@1.2.1~preinstall: no script for preinstall, continuing
380 silly lifecycle nan@2.3.5~preinstall: no script for preinstall, continuing
381 silly lifecycle bcrypt@0.8.7~preinstall: no script for preinstall, continuing
382 silly doReverseSerial remove 0
383 silly doSerial move 0
384 silly doSerial finalize 3
385 silly finalize E:\Documents\Development\Projects\recipe-app\node_modules\bindings
386 silly finalize E:\Documents\Development\Projects\recipe-app\node_modules\nan
387 silly finalize E:\Documents\Development\Projects\recipe-app\node_modules\bcrypt
388 silly doSerial build 3
389 silly build bindings@1.2.1
390 info linkStuff bindings@1.2.1
391 silly linkStuff bindings@1.2.1 has E:\Documents\Development\Projects\recipe-app\node_modules as its parent node_modules
392 verbose linkBins bindings@1.2.1
393 verbose linkMans bindings@1.2.1
394 silly build nan@2.3.5
395 info linkStuff nan@2.3.5
396 silly linkStuff nan@2.3.5 has E:\Documents\Development\Projects\recipe-app\node_modules as its parent node_modules
397 verbose linkBins nan@2.3.5
398 verbose linkMans nan@2.3.5
399 silly build bcrypt@0.8.7
400 info linkStuff bcrypt@0.8.7
401 silly linkStuff bcrypt@0.8.7 has E:\Documents\Development\Projects\recipe-app\node_modules as its parent node_modules
402 verbose linkBins bcrypt@0.8.7
403 verbose linkMans bcrypt@0.8.7
404 silly doSerial global-link 0
405 silly doParallel update-linked 0
406 silly doSerial install 3
407 silly install bindings@1.2.1 E:\Documents\Development\Projects\recipe-app\node_modules\.staging\bindings-77edf46a
408 info lifecycle bindings@1.2.1~install: bindings@1.2.1
409 silly lifecycle bindings@1.2.1~install: no script for install, continuing
410 silly install nan@2.3.5 E:\Documents\Development\Projects\recipe-app\node_modules\.staging\nan-df2e62dd
411 info lifecycle nan@2.3.5~install: nan@2.3.5
412 silly lifecycle nan@2.3.5~install: no script for install, continuing
413 silly install bcrypt@0.8.7 E:\Documents\Development\Projects\recipe-app\node_modules\.staging\bcrypt-914e1ee8
414 info lifecycle bcrypt@0.8.7~install: bcrypt@0.8.7
415 verbose lifecycle bcrypt@0.8.7~install: unsafe-perm in lifecycle true
416 verbose lifecycle bcrypt@0.8.7~install: PATH: C:\Users\alexi\AppData\Local\.meteor\packages\meteor-tool\1.4.1_1\mt-os.windows.x86_32\dev_bundle\lib\node_modules\npm\bin\node-gyp-bin;E:\Documents\Development\Projects\recipe-app\node_modules\bcrypt\node_modules\.bin;E:\Documents\Development\Projects\recipe-app\node_modules\.bin;C:\Users\alexi\AppData\Local\.meteor\packages\meteor-tool\1.4.1_1\mt-os.windows.x86_32\dev_bundle\bin;C:\Users\alexi\AppData\Local\.meteor\packages\meteor-tool\1.4.1_1\mt-os.windows.x86_32\dev_bundle\lib\node_modules\.bin;E:\Program Files\cmder\cmder\bin;E:\Program Files\cmder\cmder\vendor\conemu-maximus5\ConEmu\Scripts;E:\Program Files\cmder\cmder\vendor\conemu-maximus5;E:\Program Files\cmder\cmder\vendor\conemu-maximus5\ConEmu;C:\Program Files (x86)\Intel\iCLS Client\;C:\Program Files\Intel\iCLS Client\;C:\Windows\system32;C:\Windows;C:\Windows\System32\Wbem;C:\Windows\System32\WindowsPowerShell\v1.0\;C:\Program Files (x86)\NVIDIA Corporation\PhysX\Common;C:\Program Files (x86)\Intel\Intel(R) Management Engine Components\DAL;C:\Program Files\Intel\Intel(R) Management Engine Components\DAL;C:\Program Files (x86)\Intel\Intel(R) Management Engine Components\IPT;C:\Program Files\Intel\Intel(R) Management Engine Components\IPT;C:\Program Files\nodejs\;C:\Program Files\Git\cmd;C:\Users\alexi\AppData\Local\Microsoft\WindowsApps;C:\Users\alexi\AppData\Local\.meteor\;C:\Users\alexi\AppData\Roaming\npm;C:\Program Files\Git\usr\bin;C:\Program Files\Git\usr\share\vim\vim74;E:\Program Files\cmder\cmder\
417 verbose lifecycle bcrypt@0.8.7~install: CWD: E:\Documents\Development\Projects\recipe-app\node_modules\bcrypt
418 silly lifecycle bcrypt@0.8.7~install: Args: [ '/d /s /c', 'node-gyp rebuild' ]
419 silly lifecycle bcrypt@0.8.7~install: Returned: code: 1  signal: null
420 info lifecycle bcrypt@0.8.7~install: Failed to exec install script
421 verbose unlock done using C:\Users\alexi\AppData\Roaming\npm-cache\_locks\staging-f0dc3b8ed366d028.lock for E:\Documents\Development\Projects\recipe-app\node_modules\.staging
422 silly rollbackFailedOptional Starting
423 silly rollbackFailedOptional Finishing
424 silly runTopLevelLifecycles Starting
425 silly runTopLevelLifecycles Finishing
426 silly install printInstalled
427 verbose stack Error: bcrypt@0.8.7 install: `node-gyp rebuild`
427 verbose stack Exit status 1
427 verbose stack     at EventEmitter.<anonymous> (C:\Users\alexi\AppData\Local\.meteor\packages\meteor-tool\1.4.1_1\mt-os.windows.x86_32\dev_bundle\lib\node_modules\npm\lib\utils\lifecycle.js:255:16)
427 verbose stack     at emitTwo (events.js:87:13)
427 verbose stack     at EventEmitter.emit (events.js:172:7)
427 verbose stack     at ChildProcess.<anonymous> (C:\Users\alexi\AppData\Local\.meteor\packages\meteor-tool\1.4.1_1\mt-os.windows.x86_32\dev_bundle\lib\node_modules\npm\lib\utils\spawn.js:40:14)
427 verbose stack     at emitTwo (events.js:87:13)
427 verbose stack     at ChildProcess.emit (events.js:172:7)
427 verbose stack     at maybeClose (internal/child_process.js:829:16)
427 verbose stack     at Process.ChildProcess._handle.onexit (internal/child_process.js:211:5)
428 verbose pkgid bcrypt@0.8.7
429 verbose cwd E:\Documents\Development\Projects\recipe-app
430 error Windows_NT 10.0.14393
431 error argv "C:\\Users\\alexi\\AppData\\Local\\.meteor\\packages\\meteor-tool\\1.4.1_1\\mt-os.windows.x86_32\\dev_bundle\\bin\\node.exe" "C:\\Users\\alexi\\AppData\\Local\\.meteor\\packages\\meteor-tool\\1.4.1_1\\mt-os.windows.x86_32\\dev_bundle\\lib\\node_modules\\npm\\bin\\npm-cli.js" "install" "--save" "bcrypt"
432 error node v4.5.0
433 error npm  v3.10.6
434 error code ELIFECYCLE
435 error bcrypt@0.8.7 install: `node-gyp rebuild`
435 error Exit status 1
436 error Failed at the bcrypt@0.8.7 install script 'node-gyp rebuild'.
436 error Make sure you have the latest version of node.js and npm installed.
436 error If you do, this is most likely a problem with the bcrypt package,
436 error not with npm itself.
436 error Tell the author that this fails on your system:
436 error     node-gyp rebuild
436 error You can get information on how to open an issue for this project with:
436 error     npm bugs bcrypt
436 error Or if that isn't available, you can get their info via:
436 error     npm owner ls bcrypt
436 error There is likely additional logging output above.
437 verbose exit [ 1, true ]
